<?xml version="1.0" encoding="UTF-8"?>
<testsuite name="APIAutomationProject5X"
           tests="3"
           failures="0"
           errors="0"
           skipped="0"
           time="12.217">
    <properties></properties>



            <testcase
                name="testAllBookingNegative1"
                time="8.619"
                classname="com.thetestingacademy.tests.crud.GET.GETRequestNonBDDTestNG">
            </testcase>
            <testcase
                name="testAllBookingPositive"
                time="1.530"
                classname="com.thetestingacademy.tests.crud.GET.GETRequestNonBDDTestNG">
            </testcase>
            <testcase
                name="testAllBookingNegative2"
                time="2.068"
                classname="com.thetestingacademy.tests.crud.GET.GETRequestNonBDDTestNG">
            </testcase>
</testsuite>
